2021-03-03 20:06:36,581 [INFO] Activator:178 - 


2021-03-03 20:06:36,586 [INFO] Activator:179 - !SESSION log4j initialized
2021-03-03 20:06:44,975 [INFO] RetryExec:97 - I/O exception (org.apache.http.NoHttpResponseException) caught when processing request to {}->http://sw-center.st.com:80: The target server failed to respond
2021-03-03 20:06:44,978 [INFO] RetryExec:113 - Retrying request to {}->http://sw-center.st.com:80
2021-03-03 20:06:45,559 [INFO] RetryExec:97 - I/O exception (org.apache.http.NoHttpResponseException) caught when processing request to {}->http://sw-center.st.com:80: The target server failed to respond
2021-03-03 20:06:45,566 [INFO] RetryExec:113 - Retrying request to {}->http://sw-center.st.com:80
2021-03-03 20:06:54,237 [INFO] RetryExec:97 - I/O exception (org.apache.http.NoHttpResponseException) caught when processing request to {}->http://sw-center.st.com:80: The target server failed to respond
2021-03-03 20:06:54,237 [INFO] RetryExec:113 - Retrying request to {}->http://sw-center.st.com:80
2021-03-03 20:06:56,849 [INFO] RetryExec:97 - I/O exception (org.apache.http.NoHttpResponseException) caught when processing request to {}->http://sw-center.st.com:80: The target server failed to respond
2021-03-03 20:06:56,850 [INFO] RetryExec:113 - Retrying request to {}->http://sw-center.st.com:80
2021-03-03 20:06:59,098 [INFO] RetryExec:97 - I/O exception (org.apache.http.NoHttpResponseException) caught when processing request to {}->http://sw-center.st.com:80: The target server failed to respond
2021-03-03 20:06:59,098 [INFO] RetryExec:113 - Retrying request to {}->http://sw-center.st.com:80
2021-03-03 20:07:01,227 [INFO] RetryExec:97 - I/O exception (org.apache.http.NoHttpResponseException) caught when processing request to {}->http://sw-center.st.com:80: The target server failed to respond
2021-03-03 20:07:01,227 [INFO] RetryExec:113 - Retrying request to {}->http://sw-center.st.com:80
2021-03-03 20:07:03,297 [INFO] RetryExec:97 - I/O exception (org.apache.http.NoHttpResponseException) caught when processing request to {}->http://sw-center.st.com:80: The target server failed to respond
2021-03-03 20:07:03,298 [INFO] RetryExec:113 - Retrying request to {}->http://sw-center.st.com:80
2021-03-03 20:07:03,983 [INFO] RetryExec:97 - I/O exception (org.apache.http.NoHttpResponseException) caught when processing request to {}->http://sw-center.st.com:80: The target server failed to respond
2021-03-03 20:07:03,983 [INFO] RetryExec:113 - Retrying request to {}->http://sw-center.st.com:80
2021-03-03 20:07:05,131 [INFO] RetryExec:97 - I/O exception (org.apache.http.NoHttpResponseException) caught when processing request to {}->http://sw-center.st.com:80: The target server failed to respond
2021-03-03 20:07:05,131 [INFO] RetryExec:113 - Retrying request to {}->http://sw-center.st.com:80
2021-03-03 20:09:39,247 [ERROR] LogOutputStream:74 - [STDERR_REDIRECT] Managed Build system manifest file error: Option fr.ac6.managedbuild.option.gnu.cross.prefix.1490651114 uses a null category that is invalid in its context. The option was ignored.
2021-03-03 20:09:39,269 [ERROR] LogOutputStream:74 - [STDERR_REDIRECT] Managed Build system manifest file error: Option fr.ac6.managedbuild.option.gnu.cross.mcu.1864314405 uses a null category that is invalid in its context. The option was ignored.
2021-03-03 20:09:39,290 [ERROR] LogOutputStream:74 - [STDERR_REDIRECT] Managed Build system manifest file error: Option fr.ac6.managedbuild.option.gnu.cross.board.1294272279 uses a null category that is invalid in its context. The option was ignored.
2021-03-03 20:09:39,314 [ERROR] LogOutputStream:74 - [STDERR_REDIRECT] Managed Build system manifest file error: Option fr.ac6.managedbuild.option.gnu.cross.instructionSet.1248518152 uses a null category that is invalid in its context. The option was ignored.
2021-03-03 20:09:39,330 [ERROR] LogOutputStream:74 - [STDERR_REDIRECT] Managed Build system manifest file error: Option fr.ac6.managedbuild.option.gnu.cross.fpu.281420520 uses a null category that is invalid in its context. The option was ignored.
2021-03-03 20:09:39,344 [ERROR] LogOutputStream:74 - [STDERR_REDIRECT] Managed Build system manifest file error: Option fr.ac6.managedbuild.option.gnu.cross.floatabi.258373833 uses a null category that is invalid in its context. The option was ignored.
2021-03-03 20:09:39,882 [ERROR] LogOutputStream:74 - [STDERR_REDIRECT] Managed Build system manifest file error: Option com.atollic.truestudio.toolchain_options.mcu.51252504 uses a null category that is invalid in its context. The option was ignored.
2021-03-03 20:09:39,888 [ERROR] LogOutputStream:74 - [STDERR_REDIRECT] Managed Build system manifest file error: Option com.atollic.truestudio.toolchain_options.vendor.857915584 uses a null category that is invalid in its context. The option was ignored.
2021-03-03 20:09:39,949 [ERROR] LogOutputStream:74 - [STDERR_REDIRECT] Managed Build system manifest file error: Option fr.ac6.managedbuild.option.gnu.cross.prefix.1633411174 uses a null category that is invalid in its context. The option was ignored.
2021-03-03 20:09:39,961 [ERROR] LogOutputStream:74 - [STDERR_REDIRECT] Managed Build system manifest file error: Option fr.ac6.managedbuild.option.gnu.cross.mcu.664441206 uses a null category that is invalid in its context. The option was ignored.
2021-03-03 20:09:39,967 [ERROR] LogOutputStream:74 - [STDERR_REDIRECT] Managed Build system manifest file error: Option fr.ac6.managedbuild.option.gnu.cross.board.1307207560 uses a null category that is invalid in its context. The option was ignored.
2021-03-03 20:09:39,972 [ERROR] LogOutputStream:74 - [STDERR_REDIRECT] Managed Build system manifest file error: Option fr.ac6.managedbuild.option.gnu.cross.instructionSet.1165673201 uses a null category that is invalid in its context. The option was ignored.
2021-03-03 20:09:39,977 [ERROR] LogOutputStream:74 - [STDERR_REDIRECT] Managed Build system manifest file error: Option fr.ac6.managedbuild.option.gnu.cross.fpu.540548360 uses a null category that is invalid in its context. The option was ignored.
2021-03-03 20:09:39,984 [ERROR] LogOutputStream:74 - [STDERR_REDIRECT] Managed Build system manifest file error: Option fr.ac6.managedbuild.option.gnu.cross.floatabi.1317122772 uses a null category that is invalid in its context. The option was ignored.
2021-03-03 20:09:40,045 [ERROR] LogOutputStream:74 - [STDERR_REDIRECT] Managed Build system manifest file error: Option com.atollic.truestudio.toolchain_options.mcu.1881946018 uses a null category that is invalid in its context. The option was ignored.
2021-03-03 20:09:40,064 [ERROR] LogOutputStream:74 - [STDERR_REDIRECT] Managed Build system manifest file error: Option com.atollic.truestudio.toolchain_options.vendor.1946342272 uses a null category that is invalid in its context. The option was ignored.
2021-03-03 20:09:40,218 [ERROR] LogOutputStream:74 - [STDERR_REDIRECT] Managed Build system manifest file error: Option fr.ac6.managedbuild.option.gnu.cross.prefix.1160904482 uses a null category that is invalid in its context. The option was ignored.
2021-03-03 20:09:40,225 [ERROR] LogOutputStream:74 - [STDERR_REDIRECT] Managed Build system manifest file error: Option fr.ac6.managedbuild.option.gnu.cross.mcu.1179342523 uses a null category that is invalid in its context. The option was ignored.
2021-03-03 20:09:40,246 [ERROR] LogOutputStream:74 - [STDERR_REDIRECT] Managed Build system manifest file error: Option fr.ac6.managedbuild.option.gnu.cross.board.751383727 uses a null category that is invalid in its context. The option was ignored.
2021-03-03 20:09:40,255 [ERROR] LogOutputStream:74 - [STDERR_REDIRECT] Managed Build system manifest file error: Option fr.ac6.managedbuild.option.gnu.cross.instructionSet.1424765087 uses a null category that is invalid in its context. The option was ignored.
2021-03-03 20:09:40,266 [ERROR] LogOutputStream:74 - [STDERR_REDIRECT] Managed Build system manifest file error: Option fr.ac6.managedbuild.option.gnu.cross.fpu.418758642 uses a null category that is invalid in its context. The option was ignored.
2021-03-03 20:09:40,273 [ERROR] LogOutputStream:74 - [STDERR_REDIRECT] Managed Build system manifest file error: Option fr.ac6.managedbuild.option.gnu.cross.floatabi.1523646580 uses a null category that is invalid in its context. The option was ignored.
2021-03-03 20:09:40,743 [ERROR] LogOutputStream:74 - [STDERR_REDIRECT] Managed Build system manifest file error: Option com.atollic.truestudio.toolchain_options.mcu.51252504 uses a null category that is invalid in its context. The option was ignored.
2021-03-03 20:09:40,749 [ERROR] LogOutputStream:74 - [STDERR_REDIRECT] Managed Build system manifest file error: Option com.atollic.truestudio.toolchain_options.vendor.857915584 uses a null category that is invalid in its context. The option was ignored.
2021-03-03 20:09:40,841 [ERROR] LogOutputStream:74 - [STDERR_REDIRECT] Managed Build system manifest file error: Option com.atollic.truestudio.toolchain_options.mcu.356249197 uses a null category that is invalid in its context. The option was ignored.
2021-03-03 20:09:40,873 [ERROR] LogOutputStream:74 - [STDERR_REDIRECT] Managed Build system manifest file error: Option com.atollic.truestudio.toolchain_options.vendor.253360319 uses a null category that is invalid in its context. The option was ignored.
2021-03-03 20:09:41,310 [ERROR] LogOutputStream:74 - [STDERR_REDIRECT] Managed Build system manifest file error: Option com.atollic.truestudio.toolchain_options.mcu.715487037 uses a null category that is invalid in its context. The option was ignored.
2021-03-03 20:09:41,316 [ERROR] LogOutputStream:74 - [STDERR_REDIRECT] Managed Build system manifest file error: Option com.atollic.truestudio.toolchain_options.vendor.1770843962 uses a null category that is invalid in its context. The option was ignored.
2021-03-03 20:09:41,721 [ERROR] LogOutputStream:74 - [STDERR_REDIRECT] Managed Build system manifest file error: Option com.atollic.truestudio.toolchain_options.mcu.883371810 uses a null category that is invalid in its context. The option was ignored.
2021-03-03 20:09:41,727 [ERROR] LogOutputStream:74 - [STDERR_REDIRECT] Managed Build system manifest file error: Option com.atollic.truestudio.toolchain_options.vendor.1112259879 uses a null category that is invalid in its context. The option was ignored.
2021-03-03 20:09:41,974 [ERROR] LogOutputStream:74 - [STDERR_REDIRECT] Managed Build system manifest file error: Option com.atollic.truestudio.toolchain_options.mcu.2144754928 uses a null category that is invalid in its context. The option was ignored.
2021-03-03 20:09:41,980 [ERROR] LogOutputStream:74 - [STDERR_REDIRECT] Managed Build system manifest file error: Option com.atollic.truestudio.toolchain_options.vendor.805800134 uses a null category that is invalid in its context. The option was ignored.
2021-03-03 20:09:42,048 [ERROR] LogOutputStream:74 - [STDERR_REDIRECT] Managed Build system manifest file error: Option com.atollic.truestudio.toolchain_options.mcu.794582057 uses a null category that is invalid in its context. The option was ignored.
2021-03-03 20:09:42,055 [ERROR] LogOutputStream:74 - [STDERR_REDIRECT] Managed Build system manifest file error: Option com.atollic.truestudio.toolchain_options.vendor.1557519605 uses a null category that is invalid in its context. The option was ignored.
2021-03-03 20:09:42,873 [ERROR] LogOutputStream:74 - [STDERR_REDIRECT] Managed Build system manifest file error: Option com.atollic.truestudio.toolchain_options.mcu.2144754928 uses a null category that is invalid in its context. The option was ignored.
2021-03-03 20:09:42,883 [ERROR] LogOutputStream:74 - [STDERR_REDIRECT] Managed Build system manifest file error: Option com.atollic.truestudio.toolchain_options.vendor.805800134 uses a null category that is invalid in its context. The option was ignored.
2021-03-03 20:09:42,981 [ERROR] LogOutputStream:74 - [STDERR_REDIRECT] Managed Build system manifest file error: Option com.atollic.truestudio.toolchain_options.mcu.794582057 uses a null category that is invalid in its context. The option was ignored.
2021-03-03 20:09:42,987 [ERROR] LogOutputStream:74 - [STDERR_REDIRECT] Managed Build system manifest file error: Option com.atollic.truestudio.toolchain_options.vendor.1557519605 uses a null category that is invalid in its context. The option was ignored.
